Flow report for top
Tue Nov 15 01:55:11 2016
Quartus Prime Version 16.0.0 Build 211 04/27/2016 SJ Lite Edition


---------------------
; Table of Contents ;
---------------------
  1. Legal Notice
  2. Flow Summary
  3. Flow Settings
  4. Flow Non-Default Global Settings
  5. Flow Elapsed Time
  6. Flow OS Summary
  7. Flow Log
  8. Flow Messages
  9. Flow Suppressed Messages



----------------
; Legal Notice ;
----------------
Copyright (C) 1991-2016 Altera Corporation. All rights reserved.
Your use of Altera Corporation's design tools, logic functions 
and other software and tools, and its AMPP partner logic 
functions, and any output files from any of the foregoing 
(including device programming or simulation files), and any 
associated documentation or information are expressly subject 
to the terms and conditions of the Altera Program License 
Subscription Agreement, the Altera Quartus Prime License Agreement,
the Altera MegaCore Function License Agreement, or other 
applicable license agreement, including, without limitation, 
that your use is for the sole purpose of programming logic 
devices manufactured by Altera and sold by Altera or its 
authorized distributors.  Please refer to the applicable 
agreement for further details.



+----------------------------------------------------------------------------------+
; Flow Summary                                                                     ;
+------------------------------------+---------------------------------------------+
; Flow Status                        ; Successful - Tue Nov 15 01:55:11 2016       ;
; Quartus Prime Version              ; 16.0.0 Build 211 04/27/2016 SJ Lite Edition ;
; Revision Name                      ; top                                         ;
; Top-level Entity Name              ; MIOSystem_tb                                ;
; Family                             ; Cyclone IV E                                ;
; Device                             ; EP4CE6E22C8                                 ;
; Timing Models                      ; Final                                       ;
; Total logic elements               ; 500 / 6,272 ( 8 % )                         ;
;     Total combinational functions  ; 450 / 6,272 ( 7 % )                         ;
;     Dedicated logic registers      ; 326 / 6,272 ( 5 % )                         ;
; Total registers                    ; 326                                         ;
; Total pins                         ; 46 / 92 ( 50 % )                            ;
; Total virtual pins                 ; 0                                           ;
; Total memory bits                  ; 0 / 276,480 ( 0 % )                         ;
; Embedded Multiplier 9-bit elements ; 0 / 30 ( 0 % )                              ;
; Total PLLs                         ; 1 / 2 ( 50 % )                              ;
+------------------------------------+---------------------------------------------+


+-----------------------------------------+
; Flow Settings                           ;
+-------------------+---------------------+
; Option            ; Setting             ;
+-------------------+---------------------+
; Start date & time ; 11/15/2016 01:54:07 ;
; Main task         ; Compilation         ;
; Revision Name     ; top                 ;
+-------------------+---------------------+


+------------------------------------------------------------------------------------------------------------------------------+
; Flow Non-Default Global Settings                                                                                             ;
+--------------------------------------+---------------------------------------+---------------+--------------+----------------+
; Assignment Name                      ; Value                                 ; Default Value ; Entity Name  ; Section Id     ;
+--------------------------------------+---------------------------------------+---------------+--------------+----------------+
; COMPILER_SIGNATURE_ID                ; 123658570900799.147917124707800       ; --            ; --           ; --             ;
; EDA_DESIGN_INSTANCE_NAME             ; NA                                    ; --            ; --           ; top_vlg_tst    ;
; EDA_NATIVELINK_SIMULATION_TEST_BENCH ; top_vlg_tst                           ; --            ; --           ; eda_simulation ;
; EDA_OUTPUT_DATA_FORMAT               ; Verilog Hdl                           ; --            ; --           ; eda_simulation ;
; EDA_SIMULATION_TOOL                  ; ModelSim (Verilog)                    ; <None>        ; --           ; --             ;
; EDA_TEST_BENCH_ENABLE_STATUS         ; TEST_BENCH_MODE                       ; --            ; --           ; eda_simulation ;
; EDA_TEST_BENCH_FILE                  ; simulation/modelsim/top_tf.v          ; --            ; --           ; top_vlg_tst    ;
; EDA_TEST_BENCH_MODULE_NAME           ; top_vlg_tst                           ; --            ; --           ; top_vlg_tst    ;
; EDA_TEST_BENCH_NAME                  ; top_vlg_tst                           ; --            ; --           ; eda_simulation ;
; EDA_TIME_SCALE                       ; 1 ps                                  ; --            ; --           ; eda_simulation ;
; ENABLE_SIGNALTAP                     ; Off                                   ; --            ; --           ; --             ;
; MAX_CORE_JUNCTION_TEMP               ; 85                                    ; --            ; --           ; --             ;
; MIN_CORE_JUNCTION_TEMP               ; 0                                     ; --            ; --           ; --             ;
; MISC_FILE                            ; pll.cmp                               ; --            ; --           ; --             ;
; MISC_FILE                            ; pll.ppf                               ; --            ; --           ; --             ;
; MISC_FILE                            ; iobuf.cmp                             ; --            ; --           ; --             ;
; MISC_FILE                            ; uart_fifo_inst.vhd                    ; --            ; --           ; --             ;
; MISC_FILE                            ; uart_fifo.cmp                         ; --            ; --           ; --             ;
; OUTPUT_IO_TIMING_FAR_END_VMEAS       ; Half Signal Swing                     ; --            ; --           ; --             ;
; OUTPUT_IO_TIMING_FAR_END_VMEAS       ; Half Signal Swing                     ; --            ; --           ; --             ;
; OUTPUT_IO_TIMING_NEAR_END_VMEAS      ; Half Vccio                            ; --            ; --           ; --             ;
; OUTPUT_IO_TIMING_NEAR_END_VMEAS      ; Half Vccio                            ; --            ; --           ; --             ;
; PARTITION_COLOR                      ; 16764057                              ; --            ; miosystem_tb ; Top            ;
; PARTITION_FITTER_PRESERVATION_LEVEL  ; PLACEMENT_AND_ROUTING                 ; --            ; miosystem_tb ; Top            ;
; PARTITION_NETLIST_TYPE               ; SOURCE                                ; --            ; miosystem_tb ; Top            ;
; POWER_BOARD_THERMAL_MODEL            ; None (CONSERVATIVE)                   ; --            ; --           ; --             ;
; POWER_PRESET_COOLING_SOLUTION        ; 23 MM HEAT SINK WITH 200 LFPM AIRFLOW ; --            ; --           ; --             ;
; TOP_LEVEL_ENTITY                     ; miosystem_tb                          ; top           ; --           ; --             ;
; USE_SIGNALTAP_FILE                   ; stp1.stp                              ; --            ; --           ; --             ;
+--------------------------------------+---------------------------------------+---------------+--------------+----------------+


+-------------------------------------------------------------------------------------------------------------------------------+
; Flow Elapsed Time                                                                                                             ;
+---------------------------+--------------+-------------------------+---------------------+------------------------------------+
; Module Name               ; Elapsed Time ; Average Processors Used ; Peak Virtual Memory ; Total CPU Time (on all processors) ;
+---------------------------+--------------+-------------------------+---------------------+------------------------------------+
; Analysis & Synthesis      ; 00:00:34     ; 1.0                     ; 887 MB              ; 00:01:06                           ;
; Fitter                    ; 00:00:15     ; 1.0                     ; 1104 MB             ; 00:00:15                           ;
; Assembler                 ; 00:00:02     ; 1.0                     ; 735 MB              ; 00:00:02                           ;
; TimeQuest Timing Analyzer ; 00:00:04     ; 1.0                     ; 788 MB              ; 00:00:04                           ;
; EDA Netlist Writer        ; 00:00:03     ; 1.0                     ; 713 MB              ; 00:00:03                           ;
; Total                     ; 00:00:58     ; --                      ; --                  ; 00:01:30                           ;
+---------------------------+--------------+-------------------------+---------------------+------------------------------------+


+----------------------------------------------------------------------------------------+
; Flow OS Summary                                                                        ;
+---------------------------+------------------+-----------+------------+----------------+
; Module Name               ; Machine Hostname ; OS Name   ; OS Version ; Processor type ;
+---------------------------+------------------+-----------+------------+----------------+
; Analysis & Synthesis      ; Miguel-PC        ; Windows 7 ; 6.1        ; x86_64         ;
; Fitter                    ; Miguel-PC        ; Windows 7 ; 6.1        ; x86_64         ;
; Assembler                 ; Miguel-PC        ; Windows 7 ; 6.1        ; x86_64         ;
; TimeQuest Timing Analyzer ; Miguel-PC        ; Windows 7 ; 6.1        ; x86_64         ;
; EDA Netlist Writer        ; Miguel-PC        ; Windows 7 ; 6.1        ; x86_64         ;
+---------------------------+------------------+-----------+------------+----------------+


------------
; Flow Log ;
------------
quartus_map --read_settings_files=on --write_settings_files=off FISC -c top
quartus_fit --read_settings_files=off --write_settings_files=off FISC -c top
quartus_asm --read_settings_files=off --write_settings_files=off FISC -c top
quartus_sta FISC -c top
quartus_eda --read_settings_files=off --write_settings_files=off FISC -c top



